<?xml version="1.0" encoding="UTF-8"?>
<!-- Generated by org.testng.reporters.JUnitXMLReporter -->
<testsuite ignored="0" hostname="DESKTOP-EMG6711" failures="1" tests="5" name="Test" time="27.459" errors="0" timestamp="2022-02-17T22:51:45 GMT">
  <testcase classname="tests.WishListTest" name="wishList" time="0.021"/>
  <testcase classname="tests.DownloadTest" name="download" time="4.368">
    <failure type="java.lang.AssertionError" message="expected [true] but found [false]">
      <![CDATA[java.lang.AssertionError: expected [true] but found [false]
at tests.DownloadTest.download(DownloadTest.java:25)
at java.base/java.util.ArrayList.forEach(ArrayList.java:1511)
... Removed 33 stack frames]]>
    </failure>
  </testcase> <!-- download -->
  <testcase classname="tests.RegistrationTest" name="register" time="0.003"/>
  <testcase classname="tests.LoginTest" name="login" time="2.545"/>
  <testcase classname="tests.LoginTest" name="login" time="11.684"/>
</testsuite> <!-- Test -->
